<?xml version="1.0" encoding="UTF-8"?>
<!-- Generated by org.testng.reporters.JUnitReportReporter -->
<testsuite hostname="SHARAN47" failures="0" tests="1" name="com.javaproject_serialization_And_deseriliaztion.DeserializationProject" time="0.228" errors="0" timestamp="2022-08-10T12:06:21 IST" skipped="0">
  <testcase classname="com.javaproject_serialization_And_deseriliaztion.DeserializationProject" name="deserializeproject" time="0.228"/>
  <system-out/>
</testsuite> <!-- com.javaproject_serialization_And_deseriliaztion.DeserializationProject -->
